2019-03-07 17:23:14.890 [main] INFO  com.shenjian.chatroom.ChatroomApplication - Starting ChatroomApplication on PC-20180414YODP with PID 8268 (D:\Project\chatRoom\ChatRoom\target\classes started by Administrator in D:\Project\chatRoom\ChatRoom)
2019-03-07 17:23:14.893 [main] INFO  com.shenjian.chatroom.ChatroomApplication - No active profile set, falling back to default profiles: default
2019-03-07 17:23:15.508 [main] INFO  o.s.d.r.config.RepositoryConfigurationDelegate - Bootstrapping Spring Data repositories in DEFAULT mode.
2019-03-07 17:23:15.530 [main] INFO  o.s.d.r.config.RepositoryConfigurationDelegate - Finished Spring Data repository scanning in 9ms. Found 0 repository interfaces.
2019-03-07 17:23:15.791 [main] INFO  o.s.c.s.PostProcessorRegistrationDelegate$BeanPostProcessorChecker - Bean 'org.springframework.transaction.annotation.ProxyTransactionManagementConfiguration' of type [org.springframework.transaction.annotation.ProxyTransactionManagementConfiguration$$EnhancerBySpringCGLIB$$7991092f] is not eligible for getting processed by all BeanPostProcessors (for example: not eligible for auto-proxying)
2019-03-07 17:23:16.058 [main] INFO  o.s.boot.web.embedded.tomcat.TomcatWebServer - Tomcat initialized with port(s): 8081 (http)
2019-03-07 17:23:16.069 [main] INFO  org.apache.coyote.http11.Http11NioProtocol - Initializing ProtocolHandler ["http-nio-8081"]
2019-03-07 17:23:16.076 [main] INFO  org.apache.catalina.core.StandardService - Starting service [Tomcat]
2019-03-07 17:23:16.076 [main] INFO  org.apache.catalina.core.StandardEngine - Starting Servlet engine: [Apache Tomcat/9.0.14]
2019-03-07 17:23:16.082 [main] INFO  org.apache.catalina.core.AprLifecycleListener - The APR based Apache Tomcat Native library which allows optimal performance in production environments was not found on the java.library.path: [C:\Program Files\Java\jdk1.8.0_161\bin;C:\Windows\Sun\Java\bin;C:\Windows\system32;C:\Windows;C:\ProgramData\Oracle\Java\javapath;C:\Windows\system32;C:\Windows;C:\Windows\System32\Wbem;C:\Windows\System32\WindowsPowerShell\v1.0\;C:\Program Files\Java\jdk1.8.0_161\bin;C:\Program Files\Java\jdk1.8.0_161\jre\bin;C:\Program Files\TortoiseSVN\bin;H:\maven\apache-maven-3.5.4\bin\;D:\vue\;C:\Program Files\Git\cmd;H:\fiddler;C:\Users\Administrator\AppData\Roaming\npm;.]
2019-03-07 17:23:16.197 [main] INFO  o.a.c.core.ContainerBase.[Tomcat].[localhost].[/] - Initializing Spring embedded WebApplicationContext
2019-03-07 17:23:16.197 [main] INFO  org.springframework.web.context.ContextLoader - Root WebApplicationContext: initialization completed in 1221 ms
2019-03-07 17:23:16.424 [main] INFO  com.zaxxer.hikari.HikariDataSource - test - Starting...
2019-03-07 17:23:16.520 [main] INFO  com.zaxxer.hikari.HikariDataSource - test - Start completed.
2019-03-07 17:23:17.343 [main] INFO  o.s.orm.jpa.LocalContainerEntityManagerFactoryBean - Initialized JPA EntityManagerFactory for persistence unit 'default'
2019-03-07 17:23:17.596 [main] INFO  o.s.scheduling.concurrent.ThreadPoolTaskExecutor - Initializing ExecutorService 'clientInboundChannelExecutor'
2019-03-07 17:23:17.600 [main] INFO  o.s.scheduling.concurrent.ThreadPoolTaskExecutor - Initializing ExecutorService 'clientOutboundChannelExecutor'
2019-03-07 17:23:17.617 [main] INFO  o.s.scheduling.concurrent.ThreadPoolTaskScheduler - Initializing ExecutorService 'messageBrokerTaskScheduler'
2019-03-07 17:23:17.648 [main] INFO  o.s.scheduling.concurrent.ThreadPoolTaskExecutor - Initializing ExecutorService 'brokerChannelExecutor'
2019-03-07 17:23:18.011 [main] INFO  o.s.m.simp.broker.SimpleBrokerMessageHandler - Starting...
2019-03-07 17:23:18.011 [main] INFO  o.s.m.simp.broker.SimpleBrokerMessageHandler - BrokerAvailabilityEvent[available=true, SimpleBrokerMessageHandler [DefaultSubscriptionRegistry[cache[0 destination(s)], registry[0 sessions]]]]
2019-03-07 17:23:18.012 [main] INFO  o.s.m.simp.broker.SimpleBrokerMessageHandler - Started.
2019-03-07 17:23:18.032 [main] INFO  org.apache.coyote.http11.Http11NioProtocol - Starting ProtocolHandler ["http-nio-8081"]
2019-03-07 17:23:18.053 [main] INFO  o.s.boot.web.embedded.tomcat.TomcatWebServer - Tomcat started on port(s): 8081 (http) with context path ''
2019-03-07 17:23:18.056 [main] INFO  com.shenjian.chatroom.ChatroomApplication - Started ChatroomApplication in 4.39 seconds (JVM running for 5.594)
2019-03-07 17:23:24.202 [http-nio-8081-exec-1] INFO  o.a.c.core.ContainerBase.[Tomcat].[localhost].[/] - Initializing Spring DispatcherServlet 'dispatcherServlet'
2019-03-07 17:23:24.202 [http-nio-8081-exec-1] INFO  org.springframework.web.servlet.DispatcherServlet - Initializing Servlet 'dispatcherServlet'
2019-03-07 17:23:24.212 [http-nio-8081-exec-1] INFO  org.springframework.web.servlet.DispatcherServlet - Completed initialization in 10 ms
2019-03-07 17:23:24.219 [http-nio-8081-exec-1] INFO  com.shenjian.chatroom.filter.AccessFilter - this is AccessFilter getRequestURI:/html/sign_in.html
2019-03-07 17:23:24.220 [http-nio-8081-exec-1] INFO  c.shenjian.chatroom.filter.SingleChatAccessFilter - this is SingleChatAccessFilter getRequestURI:/html/sign_in.html
2019-03-07 17:23:24.220 [http-nio-8081-exec-1] INFO  com.shenjian.chatroom.filter.AccessFilter - this is AccessFilter getRequestURI:/html/sign_in.html
2019-03-07 17:23:24.310 [http-nio-8081-exec-2] INFO  com.shenjian.chatroom.filter.AccessFilter - this is AccessFilter getRequestURI:/js/jquery-1.12.4.min.js
2019-03-07 17:23:24.310 [http-nio-8081-exec-2] INFO  c.shenjian.chatroom.filter.SingleChatAccessFilter - this is SingleChatAccessFilter getRequestURI:/js/jquery-1.12.4.min.js
2019-03-07 17:23:24.310 [http-nio-8081-exec-2] INFO  com.shenjian.chatroom.filter.AccessFilter - this is AccessFilter getRequestURI:/js/jquery-1.12.4.min.js
2019-03-07 17:23:24.311 [http-nio-8081-exec-3] INFO  com.shenjian.chatroom.filter.AccessFilter - this is AccessFilter getRequestURI:/css/signIn/signIn_style.css
2019-03-07 17:23:24.311 [http-nio-8081-exec-3] INFO  c.shenjian.chatroom.filter.SingleChatAccessFilter - this is SingleChatAccessFilter getRequestURI:/css/signIn/signIn_style.css
2019-03-07 17:23:24.311 [http-nio-8081-exec-3] INFO  com.shenjian.chatroom.filter.AccessFilter - this is AccessFilter getRequestURI:/css/signIn/signIn_style.css
2019-03-07 17:23:24.544 [http-nio-8081-exec-4] INFO  com.shenjian.chatroom.filter.AccessFilter - this is AccessFilter getRequestURI:/images/signIn/bg.jpg
2019-03-07 17:23:24.545 [http-nio-8081-exec-4] INFO  c.shenjian.chatroom.filter.SingleChatAccessFilter - this is SingleChatAccessFilter getRequestURI:/images/signIn/bg.jpg
2019-03-07 17:23:24.546 [http-nio-8081-exec-4] INFO  com.shenjian.chatroom.filter.AccessFilter - this is AccessFilter getRequestURI:/images/signIn/bg.jpg
2019-03-07 17:23:28.215 [http-nio-8081-exec-5] INFO  com.shenjian.chatroom.filter.AccessFilter - this is AccessFilter getRequestURI:/signIn
2019-03-07 17:23:28.215 [http-nio-8081-exec-5] INFO  c.shenjian.chatroom.filter.SingleChatAccessFilter - this is SingleChatAccessFilter getRequestURI:/signIn
2019-03-07 17:23:28.215 [http-nio-8081-exec-5] INFO  com.shenjian.chatroom.filter.AccessFilter - this is AccessFilter getRequestURI:/signIn
2019-03-07 17:23:28.238 [http-nio-8081-exec-5] INFO  com.shenjian.chatroom.controller.SignInController - userInfo--> 123
