2019-03-14 10:22:33.467 [clientInboundChannel-7] ERROR o.s.w.s.m.WebSocketAnnotationMethodMessageHandler - Unhandled exception from message handler method
org.springframework.messaging.converter.MessageConversionException: Could not read JSON: Cannot construct instance of `javax.servlet.ServletRequest` (no Creators, like default construct, exist): abstract types either need to be mapped to concrete types, have custom deserializer, or contain additional type information
 at [Source: (byte[])"{"senderId":"lina","sendInfo":"vcxz","receiverId":"ami"}"; line: 1, column: 1]; nested exception is com.fasterxml.jackson.databind.exc.InvalidDefinitionException: Cannot construct instance of `javax.servlet.ServletRequest` (no Creators, like default construct, exist): abstract types either need to be mapped to concrete types, have custom deserializer, or contain additional type information
 at [Source: (byte[])"{"senderId":"lina","sendInfo":"vcxz","receiverId":"ami"}"; line: 1, column: 1]
	at org.springframework.messaging.converter.MappingJackson2MessageConverter.convertFromInternal(MappingJackson2MessageConverter.java:234)
	at org.springframework.messaging.converter.AbstractMessageConverter.fromMessage(AbstractMessageConverter.java:181)
	at org.springframework.messaging.converter.CompositeMessageConverter.fromMessage(CompositeMessageConverter.java:70)
	at org.springframework.messaging.handler.annotation.support.PayloadArgumentResolver.resolveArgument(PayloadArgumentResolver.java:137)
	at org.springframework.messaging.handler.invocation.HandlerMethodArgumentResolverComposite.resolveArgument(HandlerMethodArgumentResolverComposite.java:117)
	at org.springframework.messaging.handler.invocation.InvocableHandlerMethod.getMethodArgumentValues(InvocableHandlerMethod.java:147)
	at org.springframework.messaging.handler.invocation.InvocableHandlerMethod.invoke(InvocableHandlerMethod.java:116)
	at org.springframework.messaging.handler.invocation.AbstractMethodMessageHandler.handleMatch(AbstractMethodMessageHandler.java:550)
	at org.springframework.messaging.simp.annotation.support.SimpAnnotationMethodMessageHandler.handleMatch(SimpAnnotationMethodMessageHandler.java:503)
	at org.springframework.messaging.simp.annotation.support.SimpAnnotationMethodMessageHandler.handleMatch(SimpAnnotationMethodMessageHandler.java:93)
	at org.springframework.messaging.handler.invocation.AbstractMethodMessageHandler.handleMessageInternal(AbstractMethodMessageHandler.java:505)
	at org.springframework.messaging.handler.invocation.AbstractMethodMessageHandler.handleMessage(AbstractMethodMessageHandler.java:439)
	at org.springframework.messaging.support.ExecutorSubscribableChannel$SendTask.run(ExecutorSubscribableChannel.java:144)
	at java.util.concurrent.ThreadPoolExecutor.runWorker(ThreadPoolExecutor.java:1149)
	at java.util.concurrent.ThreadPoolExecutor$Worker.run(ThreadPoolExecutor.java:624)
	at java.lang.Thread.run(Thread.java:748)
Caused by: com.fasterxml.jackson.databind.exc.InvalidDefinitionException: Cannot construct instance of `javax.servlet.ServletRequest` (no Creators, like default construct, exist): abstract types either need to be mapped to concrete types, have custom deserializer, or contain additional type information
 at [Source: (byte[])"{"senderId":"lina","sendInfo":"vcxz","receiverId":"ami"}"; line: 1, column: 1]
	at com.fasterxml.jackson.databind.exc.InvalidDefinitionException.from(InvalidDefinitionException.java:67)
	at com.fasterxml.jackson.databind.DeserializationContext.reportBadDefinition(DeserializationContext.java:1452)
	at com.fasterxml.jackson.databind.DeserializationContext.handleMissingInstantiator(DeserializationContext.java:1028)
	at com.fasterxml.jackson.databind.deser.AbstractDeserializer.deserialize(AbstractDeserializer.java:265)
	at com.fasterxml.jackson.databind.ObjectMapper._readMapAndClose(ObjectMapper.java:4013)
	at com.fasterxml.jackson.databind.ObjectMapper.readValue(ObjectMapper.java:3121)
	at org.springframework.messaging.converter.MappingJackson2MessageConverter.convertFromInternal(MappingJackson2MessageConverter.java:221)
	... 15 common frames omitted
2019-03-14 10:23:14.231 [clientInboundChannel-8] ERROR o.s.w.s.m.WebSocketAnnotationMethodMessageHandler - Unhandled exception from message handler method
org.springframework.messaging.converter.MessageConversionException: Could not read JSON: Cannot construct instance of `javax.servlet.ServletRequest` (no Creators, like default construct, exist): abstract types either need to be mapped to concrete types, have custom deserializer, or contain additional type information
 at [Source: (byte[])"{"senderId":"ami","sendInfo":"czx","receiverId":"lina"}"; line: 1, column: 1]; nested exception is com.fasterxml.jackson.databind.exc.InvalidDefinitionException: Cannot construct instance of `javax.servlet.ServletRequest` (no Creators, like default construct, exist): abstract types either need to be mapped to concrete types, have custom deserializer, or contain additional type information
 at [Source: (byte[])"{"senderId":"ami","sendInfo":"czx","receiverId":"lina"}"; line: 1, column: 1]
	at org.springframework.messaging.converter.MappingJackson2MessageConverter.convertFromInternal(MappingJackson2MessageConverter.java:234)
	at org.springframework.messaging.converter.AbstractMessageConverter.fromMessage(AbstractMessageConverter.java:181)
	at org.springframework.messaging.converter.CompositeMessageConverter.fromMessage(CompositeMessageConverter.java:70)
	at org.springframework.messaging.handler.annotation.support.PayloadArgumentResolver.resolveArgument(PayloadArgumentResolver.java:137)
	at org.springframework.messaging.handler.invocation.HandlerMethodArgumentResolverComposite.resolveArgument(HandlerMethodArgumentResolverComposite.java:117)
	at org.springframework.messaging.handler.invocation.InvocableHandlerMethod.getMethodArgumentValues(InvocableHandlerMethod.java:147)
	at org.springframework.messaging.handler.invocation.InvocableHandlerMethod.invoke(InvocableHandlerMethod.java:116)
	at org.springframework.messaging.handler.invocation.AbstractMethodMessageHandler.handleMatch(AbstractMethodMessageHandler.java:550)
	at org.springframework.messaging.simp.annotation.support.SimpAnnotationMethodMessageHandler.handleMatch(SimpAnnotationMethodMessageHandler.java:503)
	at org.springframework.messaging.simp.annotation.support.SimpAnnotationMethodMessageHandler.handleMatch(SimpAnnotationMethodMessageHandler.java:93)
	at org.springframework.messaging.handler.invocation.AbstractMethodMessageHandler.handleMessageInternal(AbstractMethodMessageHandler.java:505)
	at org.springframework.messaging.handler.invocation.AbstractMethodMessageHandler.handleMessage(AbstractMethodMessageHandler.java:439)
	at org.springframework.messaging.support.ExecutorSubscribableChannel$SendTask.run(ExecutorSubscribableChannel.java:144)
	at java.util.concurrent.ThreadPoolExecutor.runWorker(ThreadPoolExecutor.java:1149)
	at java.util.concurrent.ThreadPoolExecutor$Worker.run(ThreadPoolExecutor.java:624)
	at java.lang.Thread.run(Thread.java:748)
Caused by: com.fasterxml.jackson.databind.exc.InvalidDefinitionException: Cannot construct instance of `javax.servlet.ServletRequest` (no Creators, like default construct, exist): abstract types either need to be mapped to concrete types, have custom deserializer, or contain additional type information
 at [Source: (byte[])"{"senderId":"ami","sendInfo":"czx","receiverId":"lina"}"; line: 1, column: 1]
	at com.fasterxml.jackson.databind.exc.InvalidDefinitionException.from(InvalidDefinitionException.java:67)
	at com.fasterxml.jackson.databind.DeserializationContext.reportBadDefinition(DeserializationContext.java:1452)
	at com.fasterxml.jackson.databind.DeserializationContext.handleMissingInstantiator(DeserializationContext.java:1028)
	at com.fasterxml.jackson.databind.deser.AbstractDeserializer.deserialize(AbstractDeserializer.java:265)
	at com.fasterxml.jackson.databind.ObjectMapper._readMapAndClose(ObjectMapper.java:4013)
	at com.fasterxml.jackson.databind.ObjectMapper.readValue(ObjectMapper.java:3121)
	at org.springframework.messaging.converter.MappingJackson2MessageConverter.convertFromInternal(MappingJackson2MessageConverter.java:221)
	... 15 common frames omitted
2019-03-14 10:23:20.046 [clientInboundChannel-6] ERROR o.s.w.s.m.WebSocketAnnotationMethodMessageHandler - Unhandled exception from message handler method
org.springframework.messaging.converter.MessageConversionException: Could not read JSON: Cannot construct instance of `javax.servlet.ServletRequest` (no Creators, like default construct, exist): abstract types either need to be mapped to concrete types, have custom deserializer, or contain additional type information
 at [Source: (byte[])"{"senderId":"lina","sendInfo":"vcxzcb","receiverId":"ami"}"; line: 1, column: 1]; nested exception is com.fasterxml.jackson.databind.exc.InvalidDefinitionException: Cannot construct instance of `javax.servlet.ServletRequest` (no Creators, like default construct, exist): abstract types either need to be mapped to concrete types, have custom deserializer, or contain additional type information
 at [Source: (byte[])"{"senderId":"lina","sendInfo":"vcxzcb","receiverId":"ami"}"; line: 1, column: 1]
	at org.springframework.messaging.converter.MappingJackson2MessageConverter.convertFromInternal(MappingJackson2MessageConverter.java:234)
	at org.springframework.messaging.converter.AbstractMessageConverter.fromMessage(AbstractMessageConverter.java:181)
	at org.springframework.messaging.converter.CompositeMessageConverter.fromMessage(CompositeMessageConverter.java:70)
	at org.springframework.messaging.handler.annotation.support.PayloadArgumentResolver.resolveArgument(PayloadArgumentResolver.java:137)
	at org.springframework.messaging.handler.invocation.HandlerMethodArgumentResolverComposite.resolveArgument(HandlerMethodArgumentResolverComposite.java:117)
	at org.springframework.messaging.handler.invocation.InvocableHandlerMethod.getMethodArgumentValues(InvocableHandlerMethod.java:147)
	at org.springframework.messaging.handler.invocation.InvocableHandlerMethod.invoke(InvocableHandlerMethod.java:116)
	at org.springframework.messaging.handler.invocation.AbstractMethodMessageHandler.handleMatch(AbstractMethodMessageHandler.java:550)
	at org.springframework.messaging.simp.annotation.support.SimpAnnotationMethodMessageHandler.handleMatch(SimpAnnotationMethodMessageHandler.java:503)
	at org.springframework.messaging.simp.annotation.support.SimpAnnotationMethodMessageHandler.handleMatch(SimpAnnotationMethodMessageHandler.java:93)
	at org.springframework.messaging.handler.invocation.AbstractMethodMessageHandler.handleMessageInternal(AbstractMethodMessageHandler.java:505)
	at org.springframework.messaging.handler.invocation.AbstractMethodMessageHandler.handleMessage(AbstractMethodMessageHandler.java:439)
	at org.springframework.messaging.support.ExecutorSubscribableChannel$SendTask.run(ExecutorSubscribableChannel.java:144)
	at java.util.concurrent.ThreadPoolExecutor.runWorker(ThreadPoolExecutor.java:1149)
	at java.util.concurrent.ThreadPoolExecutor$Worker.run(ThreadPoolExecutor.java:624)
	at java.lang.Thread.run(Thread.java:748)
Caused by: com.fasterxml.jackson.databind.exc.InvalidDefinitionException: Cannot construct instance of `javax.servlet.ServletRequest` (no Creators, like default construct, exist): abstract types either need to be mapped to concrete types, have custom deserializer, or contain additional type information
 at [Source: (byte[])"{"senderId":"lina","sendInfo":"vcxzcb","receiverId":"ami"}"; line: 1, column: 1]
	at com.fasterxml.jackson.databind.exc.InvalidDefinitionException.from(InvalidDefinitionException.java:67)
	at com.fasterxml.jackson.databind.DeserializationContext.reportBadDefinition(DeserializationContext.java:1452)
	at com.fasterxml.jackson.databind.DeserializationContext.handleMissingInstantiator(DeserializationContext.java:1028)
	at com.fasterxml.jackson.databind.deser.AbstractDeserializer.deserialize(AbstractDeserializer.java:265)
	at com.fasterxml.jackson.databind.ObjectMapper._readMapAndClose(ObjectMapper.java:4013)
	at com.fasterxml.jackson.databind.ObjectMapper.readValue(ObjectMapper.java:3121)
	at org.springframework.messaging.converter.MappingJackson2MessageConverter.convertFromInternal(MappingJackson2MessageConverter.java:221)
	... 15 common frames omitted
2019-03-14 10:23:56.064 [clientInboundChannel-9] ERROR o.s.w.s.m.WebSocketAnnotationMethodMessageHandler - Unhandled exception from message handler method
org.springframework.messaging.converter.MessageConversionException: Could not read JSON: Cannot construct instance of `javax.servlet.ServletRequest` (no Creators, like default construct, exist): abstract types either need to be mapped to concrete types, have custom deserializer, or contain additional type information
 at [Source: (byte[])"{"senderId":"ami","sendInfo":"czxxcv","receiverId":"lina"}"; line: 1, column: 1]; nested exception is com.fasterxml.jackson.databind.exc.InvalidDefinitionException: Cannot construct instance of `javax.servlet.ServletRequest` (no Creators, like default construct, exist): abstract types either need to be mapped to concrete types, have custom deserializer, or contain additional type information
 at [Source: (byte[])"{"senderId":"ami","sendInfo":"czxxcv","receiverId":"lina"}"; line: 1, column: 1]
	at org.springframework.messaging.converter.MappingJackson2MessageConverter.convertFromInternal(MappingJackson2MessageConverter.java:234)
	at org.springframework.messaging.converter.AbstractMessageConverter.fromMessage(AbstractMessageConverter.java:181)
	at org.springframework.messaging.converter.CompositeMessageConverter.fromMessage(CompositeMessageConverter.java:70)
	at org.springframework.messaging.handler.annotation.support.PayloadArgumentResolver.resolveArgument(PayloadArgumentResolver.java:137)
	at org.springframework.messaging.handler.invocation.HandlerMethodArgumentResolverComposite.resolveArgument(HandlerMethodArgumentResolverComposite.java:117)
	at org.springframework.messaging.handler.invocation.InvocableHandlerMethod.getMethodArgumentValues(InvocableHandlerMethod.java:147)
	at org.springframework.messaging.handler.invocation.InvocableHandlerMethod.invoke(InvocableHandlerMethod.java:116)
	at org.springframework.messaging.handler.invocation.AbstractMethodMessageHandler.handleMatch(AbstractMethodMessageHandler.java:550)
	at org.springframework.messaging.simp.annotation.support.SimpAnnotationMethodMessageHandler.handleMatch(SimpAnnotationMethodMessageHandler.java:503)
	at org.springframework.messaging.simp.annotation.support.SimpAnnotationMethodMessageHandler.handleMatch(SimpAnnotationMethodMessageHandler.java:93)
	at org.springframework.messaging.handler.invocation.AbstractMethodMessageHandler.handleMessageInternal(AbstractMethodMessageHandler.java:505)
	at org.springframework.messaging.handler.invocation.AbstractMethodMessageHandler.handleMessage(AbstractMethodMessageHandler.java:439)
	at org.springframework.messaging.support.ExecutorSubscribableChannel$SendTask.run(ExecutorSubscribableChannel.java:144)
	at java.util.concurrent.ThreadPoolExecutor.runWorker(ThreadPoolExecutor.java:1149)
	at java.util.concurrent.ThreadPoolExecutor$Worker.run(ThreadPoolExecutor.java:624)
	at java.lang.Thread.run(Thread.java:748)
Caused by: com.fasterxml.jackson.databind.exc.InvalidDefinitionException: Cannot construct instance of `javax.servlet.ServletRequest` (no Creators, like default construct, exist): abstract types either need to be mapped to concrete types, have custom deserializer, or contain additional type information
 at [Source: (byte[])"{"senderId":"ami","sendInfo":"czxxcv","receiverId":"lina"}"; line: 1, column: 1]
	at com.fasterxml.jackson.databind.exc.InvalidDefinitionException.from(InvalidDefinitionException.java:67)
	at com.fasterxml.jackson.databind.DeserializationContext.reportBadDefinition(DeserializationContext.java:1452)
	at com.fasterxml.jackson.databind.DeserializationContext.handleMissingInstantiator(DeserializationContext.java:1028)
	at com.fasterxml.jackson.databind.deser.AbstractDeserializer.deserialize(AbstractDeserializer.java:265)
	at com.fasterxml.jackson.databind.ObjectMapper._readMapAndClose(ObjectMapper.java:4013)
	at com.fasterxml.jackson.databind.ObjectMapper.readValue(ObjectMapper.java:3121)
	at org.springframework.messaging.converter.MappingJackson2MessageConverter.convertFromInternal(MappingJackson2MessageConverter.java:221)
	... 15 common frames omitted
2019-03-14 10:27:29.706 [clientInboundChannel-6] ERROR o.s.w.s.m.WebSocketAnnotationMethodMessageHandler - Unhandled exception from message handler method
org.springframework.messaging.converter.MessageConversionException: Could not read JSON: Cannot construct instance of `javax.servlet.ServletRequest` (no Creators, like default construct, exist): abstract types either need to be mapped to concrete types, have custom deserializer, or contain additional type information
 at [Source: (byte[])"{"senderId":"lina","sendInfo":"gdg","receiverId":"ami"}"; line: 1, column: 1]; nested exception is com.fasterxml.jackson.databind.exc.InvalidDefinitionException: Cannot construct instance of `javax.servlet.ServletRequest` (no Creators, like default construct, exist): abstract types either need to be mapped to concrete types, have custom deserializer, or contain additional type information
 at [Source: (byte[])"{"senderId":"lina","sendInfo":"gdg","receiverId":"ami"}"; line: 1, column: 1]
	at org.springframework.messaging.converter.MappingJackson2MessageConverter.convertFromInternal(MappingJackson2MessageConverter.java:234)
	at org.springframework.messaging.converter.AbstractMessageConverter.fromMessage(AbstractMessageConverter.java:181)
	at org.springframework.messaging.converter.CompositeMessageConverter.fromMessage(CompositeMessageConverter.java:70)
	at org.springframework.messaging.handler.annotation.support.PayloadArgumentResolver.resolveArgument(PayloadArgumentResolver.java:137)
	at org.springframework.messaging.handler.invocation.HandlerMethodArgumentResolverComposite.resolveArgument(HandlerMethodArgumentResolverComposite.java:117)
	at org.springframework.messaging.handler.invocation.InvocableHandlerMethod.getMethodArgumentValues(InvocableHandlerMethod.java:147)
	at org.springframework.messaging.handler.invocation.InvocableHandlerMethod.invoke(InvocableHandlerMethod.java:116)
	at org.springframework.messaging.handler.invocation.AbstractMethodMessageHandler.handleMatch(AbstractMethodMessageHandler.java:550)
	at org.springframework.messaging.simp.annotation.support.SimpAnnotationMethodMessageHandler.handleMatch(SimpAnnotationMethodMessageHandler.java:503)
	at org.springframework.messaging.simp.annotation.support.SimpAnnotationMethodMessageHandler.handleMatch(SimpAnnotationMethodMessageHandler.java:93)
	at org.springframework.messaging.handler.invocation.AbstractMethodMessageHandler.handleMessageInternal(AbstractMethodMessageHandler.java:505)
	at org.springframework.messaging.handler.invocation.AbstractMethodMessageHandler.handleMessage(AbstractMethodMessageHandler.java:439)
	at org.springframework.messaging.support.ExecutorSubscribableChannel$SendTask.run(ExecutorSubscribableChannel.java:144)
	at java.util.concurrent.ThreadPoolExecutor.runWorker(ThreadPoolExecutor.java:1149)
	at java.util.concurrent.ThreadPoolExecutor$Worker.run(ThreadPoolExecutor.java:624)
	at java.lang.Thread.run(Thread.java:748)
Caused by: com.fasterxml.jackson.databind.exc.InvalidDefinitionException: Cannot construct instance of `javax.servlet.ServletRequest` (no Creators, like default construct, exist): abstract types either need to be mapped to concrete types, have custom deserializer, or contain additional type information
 at [Source: (byte[])"{"senderId":"lina","sendInfo":"gdg","receiverId":"ami"}"; line: 1, column: 1]
	at com.fasterxml.jackson.databind.exc.InvalidDefinitionException.from(InvalidDefinitionException.java:67)
	at com.fasterxml.jackson.databind.DeserializationContext.reportBadDefinition(DeserializationContext.java:1452)
	at com.fasterxml.jackson.databind.DeserializationContext.handleMissingInstantiator(DeserializationContext.java:1028)
	at com.fasterxml.jackson.databind.deser.AbstractDeserializer.deserialize(AbstractDeserializer.java:265)
	at com.fasterxml.jackson.databind.ObjectMapper._readMapAndClose(ObjectMapper.java:4013)
	at com.fasterxml.jackson.databind.ObjectMapper.readValue(ObjectMapper.java:3121)
	at org.springframework.messaging.converter.MappingJackson2MessageConverter.convertFromInternal(MappingJackson2MessageConverter.java:221)
	... 15 common frames omitted
2019-03-14 10:27:44.403 [clientInboundChannel-7] ERROR o.s.w.s.m.WebSocketAnnotationMethodMessageHandler - Unhandled exception from message handler method
org.springframework.messaging.converter.MessageConversionException: Could not read JSON: Cannot construct instance of `javax.servlet.ServletRequest` (no Creators, like default construct, exist): abstract types either need to be mapped to concrete types, have custom deserializer, or contain additional type information
 at [Source: (byte[])"{"senderId":"ami","sendInfo":"xzb","receiverId":"lina"}"; line: 1, column: 1]; nested exception is com.fasterxml.jackson.databind.exc.InvalidDefinitionException: Cannot construct instance of `javax.servlet.ServletRequest` (no Creators, like default construct, exist): abstract types either need to be mapped to concrete types, have custom deserializer, or contain additional type information
 at [Source: (byte[])"{"senderId":"ami","sendInfo":"xzb","receiverId":"lina"}"; line: 1, column: 1]
	at org.springframework.messaging.converter.MappingJackson2MessageConverter.convertFromInternal(MappingJackson2MessageConverter.java:234)
	at org.springframework.messaging.converter.AbstractMessageConverter.fromMessage(AbstractMessageConverter.java:181)
	at org.springframework.messaging.converter.CompositeMessageConverter.fromMessage(CompositeMessageConverter.java:70)
	at org.springframework.messaging.handler.annotation.support.PayloadArgumentResolver.resolveArgument(PayloadArgumentResolver.java:137)
	at org.springframework.messaging.handler.invocation.HandlerMethodArgumentResolverComposite.resolveArgument(HandlerMethodArgumentResolverComposite.java:117)
	at org.springframework.messaging.handler.invocation.InvocableHandlerMethod.getMethodArgumentValues(InvocableHandlerMethod.java:147)
	at org.springframework.messaging.handler.invocation.InvocableHandlerMethod.invoke(InvocableHandlerMethod.java:116)
	at org.springframework.messaging.handler.invocation.AbstractMethodMessageHandler.handleMatch(AbstractMethodMessageHandler.java:550)
	at org.springframework.messaging.simp.annotation.support.SimpAnnotationMethodMessageHandler.handleMatch(SimpAnnotationMethodMessageHandler.java:503)
	at org.springframework.messaging.simp.annotation.support.SimpAnnotationMethodMessageHandler.handleMatch(SimpAnnotationMethodMessageHandler.java:93)
	at org.springframework.messaging.handler.invocation.AbstractMethodMessageHandler.handleMessageInternal(AbstractMethodMessageHandler.java:505)
	at org.springframework.messaging.handler.invocation.AbstractMethodMessageHandler.handleMessage(AbstractMethodMessageHandler.java:439)
	at org.springframework.messaging.support.ExecutorSubscribableChannel$SendTask.run(ExecutorSubscribableChannel.java:144)
	at java.util.concurrent.ThreadPoolExecutor.runWorker(ThreadPoolExecutor.java:1149)
	at java.util.concurrent.ThreadPoolExecutor$Worker.run(ThreadPoolExecutor.java:624)
	at java.lang.Thread.run(Thread.java:748)
Caused by: com.fasterxml.jackson.databind.exc.InvalidDefinitionException: Cannot construct instance of `javax.servlet.ServletRequest` (no Creators, like default construct, exist): abstract types either need to be mapped to concrete types, have custom deserializer, or contain additional type information
 at [Source: (byte[])"{"senderId":"ami","sendInfo":"xzb","receiverId":"lina"}"; line: 1, column: 1]
	at com.fasterxml.jackson.databind.exc.InvalidDefinitionException.from(InvalidDefinitionException.java:67)
	at com.fasterxml.jackson.databind.DeserializationContext.reportBadDefinition(DeserializationContext.java:1452)
	at com.fasterxml.jackson.databind.DeserializationContext.handleMissingInstantiator(DeserializationContext.java:1028)
	at com.fasterxml.jackson.databind.deser.AbstractDeserializer.deserialize(AbstractDeserializer.java:265)
	at com.fasterxml.jackson.databind.ObjectMapper._readMapAndClose(ObjectMapper.java:4013)
	at com.fasterxml.jackson.databind.ObjectMapper.readValue(ObjectMapper.java:3121)
	at org.springframework.messaging.converter.MappingJackson2MessageConverter.convertFromInternal(MappingJackson2MessageConverter.java:221)
	... 15 common frames omitted
